<?xml version="1.0" encoding="UTF-8"?>
<!-- Generated by org.testng.reporters.JUnitXMLReporter -->
<testsuite ignored="0" hostname="idea-PC" failures="0" tests="2" name="firfoxTest" time="128.761" errors="0" timestamp="2022-09-22T03:02:54 IST">
  <testcase classname="pract1.TestNG1" name="@BeforeClass createPOMobject" time="0.0">
    <failure type="java.lang.NoSuchMethodError" message="&amp;apos;void org.openqa.selenium.support.PageFactory.initElements(org.openqa.selenium.WebDriver, java.lang.Object)&amp;apos;">
      <![CDATA[java.lang.NoSuchMethodError: 'void org.openqa.selenium.support.PageFactory.initElements(org.openqa.selenium.WebDriver, java.lang.Object)'
at pages.HomePage.<init>(HomePage.java:27)
at pract1.TestNG1.createPOMobject(TestNG1.java:62)
at java.base/java.util.ArrayList.forEach(ArrayList.java:1511)
... Removed 25 stack frames]]>
    </failure>
  </testcase> <!-- @BeforeClass createPOMobject -->
  <testcase classname="pract1.TestNG1" name="@BeforeMethod openloginpage" time="-1.663795974789E9">
    <skipped/>
  </testcase> <!-- @BeforeMethod openloginpage -->
  <testcase classname="pract1.TestNG1" name="@AfterMethod logoutfromapplication" time="-1.663795974793E9">
    <skipped/>
  </testcase> <!-- @AfterMethod logoutfromapplication -->
  <testcase classname="pract1.TestNG1" name="@BeforeMethod openloginpage" time="-1.663795974795E9">
    <skipped/>
  </testcase> <!-- @BeforeMethod openloginpage -->
  <testcase classname="pract1.TestNG1" name="@AfterMethod logoutfromapplication" time="-1.663795974799E9">
    <skipped/>
  </testcase> <!-- @AfterMethod logoutfromapplication -->
  <testcase classname="pract1.TestNG1" name="@AfterClass clearobjects" time="-1.663795974801E9">
    <skipped/>
  </testcase> <!-- @AfterClass clearobjects -->
  <testcase classname="pract1.TestNG1" name="@AfterTest closebrowser" time="-1.663795974803E9">
    <skipped/>
  </testcase> <!-- @AfterTest closebrowser -->
  <testcase classname="pract1.TestNG1" name="contactToHlepCenter" time="0.0">
    <skipped/>
  </testcase> <!-- contactToHlepCenter -->
  <testcase classname="pract1.TestNG1" name="verifyReturnToMessage" time="0.0">
    <skipped/>
  </testcase> <!-- verifyReturnToMessage -->
</testsuite> <!-- firfoxTest -->
