<?xml version="1.0" encoding="UTF-8"?>
<!-- Generated by org.testng.reporters.JUnitXMLReporter -->
<testsuite ignored="0" hostname="idea-PC" failures="0" tests="8" name="Test" time="0.32" errors="0" timestamp="2022-09-17T14:08:56 IST">
  <testcase classname="pract1.TestNG" name="testA" time="0.032"/>
  <testcase classname="pract1.TestNG" name="testB" time="0.002"/>
  <testcase classname="pract1.TestNG" name="testC" time="0.003"/>
  <testcase classname="pract1.TestNG" name="testD" time="0.003"/>
  <testcase classname="pract1.TestNG1" name="testB" time="0.019"/>
  <testcase classname="pract1.TestNG1" name="testA" time="0.009"/>
  <testcase classname="pract1.TestNG1" name="testC" time="0.002"/>
  <testcase classname="pract1.TestNG1" name="testD" time="0.013"/>
</testsuite> <!-- Test -->
